<?xml version="1.0" encoding="UTF-8"?>
<!-- Generated by org.testng.reporters.JUnitReportReporter -->
<testsuite hostname="LAPTOP-QC1KKNSF" failures="0" tests="3" name="com.pom.AddtoCart" time="16.157" errors="0" timestamp="2024-09-03T09:39:10 IST" skipped="0">
  <testcase classname="com.pom.AddtoCart" name="openapp" time="6.866"/>
  <testcase classname="com.pom.AddtoCart" name="testlogo" time="3.054"/>
  <testcase classname="com.pom.AddtoCart" name="testcard" time="6.237"/>
</testsuite> <!-- com.pom.AddtoCart -->
