<?xml version="1.0" encoding="UTF-8"?>
<!-- Generated by org.testng.reporters.JUnitReportReporter -->
<testsuite hostname="LAPTOP-QC1KKNSF" failures="0" tests="3" name="com.test.Contact" time="10.341" errors="0" timestamp="2024-09-03T09:39:10 IST" skipped="0">
  <testcase classname="com.test.Contact" name="openapp" time="6.390"/>
  <testcase classname="com.test.Contact" name="testlogo" time="3.071"/>
  <testcase classname="com.test.Contact" name="testcontact" time="0.880"/>
</testsuite> <!-- com.test.Contact -->
