<?xml version="1.0" encoding="UTF-8"?>
<!-- Generated by org.testng.reporters.JUnitReportReporter -->
<testsuite hostname="LAPTOP-QC1KKNSF" failures="0" tests="3" name="com.test.LoginPage" time="37.667" errors="0" timestamp="2024-09-03T09:39:10 IST" skipped="0">
  <testcase classname="com.test.LoginPage" name="openapp" time="33.962"/>
  <testcase classname="com.test.LoginPage" name="testlogo" time="3.084"/>
  <testcase classname="com.test.LoginPage" name="testlogin" time="0.621"/>
</testsuite> <!-- com.test.LoginPage -->
